2025-03-21 17:29:04,373 - INFO - Initialized PDFProcessor
2025-03-21 17:29:10,504 - INFO - Starting cleanup of files
2025-03-21 17:29:11,433 - INFO - Successfully cleaned up 0 files
2025-03-21 17:29:11,433 - INFO - Deleted: C:\Users\saksham.dubey\Desktop\Decibio\Ideation\Query-PDF\PDF_2\10.46997revecuatneurol30300026.pdf
2025-03-21 17:29:11,433 - INFO - Deleted: C:\Users\saksham.dubey\Desktop\Decibio\Ideation\Query-PDF\PDF_2\2631-2581-rneuro-31-03-00016.pdf
2025-03-21 17:29:11,444 - INFO - Deleted: C:\Users\saksham.dubey\Desktop\Decibio\Ideation\Query-PDF\PDF_2\REN-Vol31_n1_06.pdf
2025-03-21 17:29:11,447 - INFO - Deleted: C:\Users\saksham.dubey\Desktop\Decibio\Ideation\Query-PDF\PDF_2\s40292-021-00481-7.pdf
2025-03-21 17:29:11,449 - INFO - Deleted: C:\Users\saksham.dubey\Desktop\Decibio\Ideation\Query-PDF\PDF_2\s41467-020-15799-4.pdf
2025-03-21 17:29:11,451 - INFO - Deleted 5 PDF files and removed empty PDF directory
2025-03-21 17:29:20,331 - INFO - Attempting to download: http://www.annalsofoncology.org/article/S0923753420360580/pdf
2025-03-21 17:29:21,571 - ERROR - HTTP Error for http://www.annalsofoncology.org/article/S0923753420360580/pdf: 403 Client Error: Forbidden for url: https://www.annalsofoncology.org/article/S0923753420360580/pdf
2025-03-21 17:29:21,572 - ERROR - Access forbidden - might require authentication
2025-03-21 17:29:21,573 - INFO - Attempting to download: https://www.nature.com/articles/s41586-022-05580-6.pdf
2025-03-21 17:29:29,325 - INFO - Successfully downloaded: s41586-022-05580-6.pdf
2025-03-21 17:29:29,325 - INFO - Attempting to download: https://www.cell.com/article/S153561082200513X/pdf
2025-03-21 17:29:30,112 - ERROR - HTTP Error for https://www.cell.com/article/S153561082200513X/pdf: 403 Client Error: Forbidden for url: https://www.cell.com/article/S153561082200513X/pdf
2025-03-21 17:29:30,112 - ERROR - Access forbidden - might require authentication
2025-03-21 17:29:30,112 - INFO - Attempting to download: https://www.nature.com/articles/s41467-021-22444-1.pdf
2025-03-21 17:29:34,110 - INFO - Successfully downloaded: s41467-021-22444-1.pdf
2025-03-21 17:29:34,110 - INFO - Successfully downloaded 2 PDFs
2025-03-21 17:29:34,110 - INFO - Listing PDF files in C:\Users\saksham.dubey\Desktop\Decibio\Ideation\Query-PDF\PDF_2
2025-03-21 17:29:34,114 - INFO - Found 2 PDF files
2025-03-21 17:29:34,114 - INFO - Starting upload of 2 PDFs
2025-03-21 17:30:04,432 - INFO - Processing query: Give me the headings of the file
2025-03-21 17:31:21,007 - INFO - Successfully processed query
2025-03-21 17:31:44,393 - INFO - Starting cleanup of files
2025-03-21 17:31:45,828 - INFO - Successfully cleaned up 2 files
