2025-03-21 18:08:44,083 - INFO - Initialized PDFProcessor
2025-03-21 18:08:47,963 - INFO - Starting cleanup of files
2025-03-21 18:08:48,840 - INFO - Successfully cleaned up 0 files
2025-03-21 18:08:48,840 - INFO - PDF directory does not exist at C:\Users\saksham.dubey\Desktop\Decibio\Ideation\Query-PDF\PDF_2
2025-03-21 18:08:54,781 - ERROR - Missing kwarg for query template: 'column_name_1'
2025-03-21 18:08:56,028 - INFO - Starting cleanup of files
2025-03-21 18:08:56,852 - INFO - Successfully cleaned up 0 files
2025-03-21 18:08:56,852 - INFO - PDF directory does not exist at C:\Users\saksham.dubey\Desktop\Decibio\Ideation\Query-PDF\PDF_2
2025-03-21 18:09:07,811 - ERROR - Missing kwarg for query template: 'column_name_1'
2025-03-21 18:09:08,911 - INFO - Starting cleanup of files
2025-03-21 18:09:09,382 - INFO - Successfully cleaned up 0 files
2025-03-21 18:09:09,383 - INFO - PDF directory does not exist at C:\Users\saksham.dubey\Desktop\Decibio\Ideation\Query-PDF\PDF_2
2025-03-21 18:09:11,302 - ERROR - Missing kwarg for query template: 'column_name_1'
2025-03-21 18:09:12,307 - INFO - Starting cleanup of files
2025-03-21 18:09:12,663 - INFO - Successfully cleaned up 0 files
2025-03-21 18:09:12,664 - INFO - PDF directory does not exist at C:\Users\saksham.dubey\Desktop\Decibio\Ideation\Query-PDF\PDF_2
2025-03-21 18:09:19,597 - ERROR - Missing kwarg for query template: 'column_name_1'
2025-03-21 18:09:20,488 - INFO - Starting cleanup of files
2025-03-21 18:09:21,451 - INFO - Successfully cleaned up 0 files
2025-03-21 18:09:21,453 - INFO - PDF directory does not exist at C:\Users\saksham.dubey\Desktop\Decibio\Ideation\Query-PDF\PDF_2
2025-03-21 18:09:27,097 - ERROR - Missing kwarg for query template: 'column_name_1'
2025-03-21 18:10:00,235 - INFO - Starting cleanup of files
2025-03-21 18:10:00,795 - INFO - Successfully cleaned up 0 files
