2025-03-21 18:56:46,160 - INFO - Initialized PDFProcessor
2025-03-21 18:56:48,399 - INFO - Starting cleanup of files
2025-03-21 18:56:49,409 - INFO - Successfully cleaned up 0 files
2025-03-21 18:56:49,410 - INFO - Deleted: C:\Users\saksham.dubey\Desktop\Decibio\Ideation\Query-PDF\PDF_2\s41467-021-22444-1.pdf
2025-03-21 18:56:49,412 - INFO - Deleted: C:\Users\saksham.dubey\Desktop\Decibio\Ideation\Query-PDF\PDF_2\s41586-022-05580-6.pdf
2025-03-21 18:56:49,414 - INFO - Deleted 2 PDF files and removed empty PDF directory
2025-03-21 18:56:58,324 - INFO - Attempting to download: https://www.ahajournals.org/doi/pdf/10.1161/STROKEAHA.122.042020
2025-03-21 18:56:58,475 - ERROR - HTTP Error for https://www.ahajournals.org/doi/pdf/10.1161/STROKEAHA.122.042020: 403 Client Error: Forbidden for url: https://www.ahajournals.org/doi/pdf/10.1161/STROKEAHA.122.042020
2025-03-21 18:56:58,475 - ERROR - Access forbidden - might require authentication
2025-03-21 18:56:58,475 - INFO - Attempting to download: http://revecuatneurol.com/wp-content/uploads/2022/05/REN-Vol31_n1_06.pdf
2025-03-21 18:57:03,805 - INFO - Successfully downloaded: REN-Vol31_n1_06.pdf
2025-03-21 18:57:03,805 - INFO - Attempting to download: https://www.nature.com/articles/s41467-020-15799-4.pdf
2025-03-21 18:57:09,027 - INFO - Successfully downloaded: s41467-020-15799-4.pdf
2025-03-21 18:57:09,028 - INFO - Attempting to download: http://revecuatneurol.com/wp-content/uploads/2022/01/10.46997revecuatneurol30300026.pdf
2025-03-21 18:57:14,368 - INFO - Successfully downloaded: 10.46997revecuatneurol30300026.pdf
2025-03-21 18:57:14,370 - INFO - Attempting to download: https://link.springer.com/content/pdf/10.1007/s40292-021-00481-7.pdf
2025-03-21 18:57:18,749 - INFO - Successfully downloaded: s40292-021-00481-7.pdf
2025-03-21 18:57:18,749 - INFO - Attempting to download: http://revecuatneurol.com/wp-content/uploads/2023/02/2631-2581-rneuro-31-03-00016.pdf
2025-03-21 18:57:25,916 - INFO - Successfully downloaded: 2631-2581-rneuro-31-03-00016.pdf
2025-03-21 18:57:25,916 - INFO - Successfully downloaded 5 PDFs
2025-03-21 18:57:25,916 - INFO - Listing PDF files in C:\Users\saksham.dubey\Desktop\Decibio\Ideation\Query-PDF\PDF_2
2025-03-21 18:57:25,916 - INFO - Found 5 PDF files
2025-03-21 18:57:25,916 - INFO - Starting upload of 5 PDFs
2025-03-21 18:58:01,219 - INFO - Attempting to download: https://www.ahajournals.org/doi/pdf/10.1161/STROKEAHA.122.042020
2025-03-21 18:58:01,322 - ERROR - HTTP Error for https://www.ahajournals.org/doi/pdf/10.1161/STROKEAHA.122.042020: 403 Client Error: Forbidden for url: https://www.ahajournals.org/doi/pdf/10.1161/STROKEAHA.122.042020
2025-03-21 18:58:01,323 - ERROR - Access forbidden - might require authentication
2025-03-21 18:58:01,323 - INFO - Attempting to download: http://revecuatneurol.com/wp-content/uploads/2022/05/REN-Vol31_n1_06.pdf
2025-03-21 18:58:06,856 - INFO - Successfully downloaded: REN-Vol31_n1_06.pdf
2025-03-21 18:58:06,856 - INFO - Attempting to download: https://www.nature.com/articles/s41467-020-15799-4.pdf
2025-03-21 18:58:11,039 - ERROR - HTTP Error for https://www.nature.com/articles/s41467-020-15799-4.pdf: 400 Client Error: Bad Request for url: https://www.nature.com/articles/s41467-020-15799-4.pdf
2025-03-21 18:58:11,039 - INFO - Attempting to download: http://revecuatneurol.com/wp-content/uploads/2022/01/10.46997revecuatneurol30300026.pdf
2025-03-21 18:58:15,474 - INFO - Successfully downloaded: 10.46997revecuatneurol30300026.pdf
2025-03-21 18:58:15,474 - INFO - Attempting to download: https://link.springer.com/content/pdf/10.1007/s40292-021-00481-7.pdf
2025-03-21 18:58:17,383 - ERROR - HTTP Error for https://link.springer.com/content/pdf/10.1007/s40292-021-00481-7.pdf: 400 Client Error: Bad Request for url: https://link.springer.com/content/pdf/10.1007/s40292-021-00481-7.pdf
2025-03-21 18:58:17,383 - INFO - Attempting to download: http://revecuatneurol.com/wp-content/uploads/2023/02/2631-2581-rneuro-31-03-00016.pdf
2025-03-21 18:58:21,334 - INFO - Successfully downloaded: 2631-2581-rneuro-31-03-00016.pdf
2025-03-21 18:58:21,336 - INFO - Successfully downloaded 3 PDFs
2025-03-21 18:58:21,337 - INFO - Listing PDF files in C:\Users\saksham.dubey\Desktop\Decibio\Ideation\Query-PDF\PDF_2
2025-03-21 18:58:21,339 - INFO - Found 5 PDF files
2025-03-21 18:58:21,339 - INFO - Starting upload of 5 PDFs
2025-03-21 18:58:30,122 - INFO - Processing query: What are in the documents?
2025-03-21 18:58:59,420 - INFO - Successfully processed query
2025-03-21 19:00:59,069 - INFO - Starting cleanup of files
2025-03-21 19:01:06,014 - INFO - Successfully cleaned up 10 files
