2025-03-21 19:02:33,540 - INFO - Initialized PDFProcessor
2025-03-21 19:02:37,850 - INFO - Starting cleanup of files
2025-03-21 19:02:38,676 - INFO - Successfully cleaned up 0 files
2025-03-21 19:02:38,676 - INFO - Deleted: C:\Users\saksham.dubey\Desktop\Decibio\Ideation\Query-PDF\PDF_2\10.46997revecuatneurol30300026.pdf
2025-03-21 19:02:38,687 - INFO - Deleted: C:\Users\saksham.dubey\Desktop\Decibio\Ideation\Query-PDF\PDF_2\2631-2581-rneuro-31-03-00016.pdf
2025-03-21 19:02:38,688 - INFO - Deleted: C:\Users\saksham.dubey\Desktop\Decibio\Ideation\Query-PDF\PDF_2\REN-Vol31_n1_06.pdf
2025-03-21 19:02:38,691 - INFO - Deleted: C:\Users\saksham.dubey\Desktop\Decibio\Ideation\Query-PDF\PDF_2\s40292-021-00481-7.pdf
2025-03-21 19:02:38,692 - INFO - Deleted: C:\Users\saksham.dubey\Desktop\Decibio\Ideation\Query-PDF\PDF_2\s41467-020-15799-4.pdf
2025-03-21 19:02:38,693 - INFO - Deleted 5 PDF files and removed empty PDF directory
2025-03-21 19:02:50,105 - INFO - Attempting to download: https://www.ahajournals.org/doi/pdf/10.1161/STROKEAHA.122.042020
2025-03-21 19:02:50,255 - ERROR - HTTP Error for https://www.ahajournals.org/doi/pdf/10.1161/STROKEAHA.122.042020: 403 Client Error: Forbidden for url: https://www.ahajournals.org/doi/pdf/10.1161/STROKEAHA.122.042020
2025-03-21 19:02:50,256 - ERROR - Access forbidden - might require authentication
2025-03-21 19:02:50,256 - INFO - Attempting to download: http://revecuatneurol.com/wp-content/uploads/2022/05/REN-Vol31_n1_06.pdf
2025-03-21 19:02:54,146 - INFO - Successfully downloaded: REN-Vol31_n1_06.pdf
2025-03-21 19:02:54,146 - INFO - Attempting to download: https://www.nature.com/articles/s41467-020-15799-4.pdf
2025-03-21 19:03:01,054 - INFO - Successfully downloaded: s41467-020-15799-4.pdf
2025-03-21 19:03:01,054 - INFO - Attempting to download: http://revecuatneurol.com/wp-content/uploads/2022/01/10.46997revecuatneurol30300026.pdf
2025-03-21 19:03:05,082 - INFO - Successfully downloaded: 10.46997revecuatneurol30300026.pdf
2025-03-21 19:03:05,082 - INFO - Attempting to download: https://link.springer.com/content/pdf/10.1007/s40292-021-00481-7.pdf
2025-03-21 19:03:09,851 - INFO - Successfully downloaded: s40292-021-00481-7.pdf
2025-03-21 19:03:09,853 - INFO - Attempting to download: http://revecuatneurol.com/wp-content/uploads/2023/02/2631-2581-rneuro-31-03-00016.pdf
2025-03-21 19:03:14,922 - INFO - Successfully downloaded: 2631-2581-rneuro-31-03-00016.pdf
2025-03-21 19:03:14,922 - INFO - Successfully downloaded 5 PDFs
2025-03-21 19:03:14,922 - INFO - Listing PDF files in C:\Users\saksham.dubey\Desktop\Decibio\Ideation\Query-PDF\PDF_2
2025-03-21 19:03:14,922 - INFO - Found 5 PDF files
2025-03-21 19:03:14,922 - INFO - Starting upload of 5 PDFs
2025-03-21 19:03:35,219 - INFO - Processing query: What are in the Document
2025-03-21 19:03:56,753 - INFO - Successfully processed query
2025-03-21 19:04:03,589 - INFO - Starting cleanup of files
2025-03-21 19:04:06,443 - INFO - Successfully cleaned up 5 files
