2025-03-24 15:00:13,524 - INFO - Initialized PDFProcessor
2025-03-24 15:02:25,898 - INFO - Starting cleanup of files
2025-03-24 15:02:27,019 - INFO - Successfully cleaned up 0 files
2025-03-24 15:02:27,019 - INFO - PDF directory does not exist at C:\Users\saksham.dubey\Desktop\Decibio\Ideation\AI-Document-Analyzer\PDF_2
2025-03-24 15:02:35,654 - INFO - Starting cleanup of files
2025-03-24 15:02:36,038 - INFO - Successfully cleaned up 0 files
2025-03-24 15:02:37,006 - WARNING - No PDFs were successfully downloaded!
2025-03-24 15:02:37,006 - INFO - Listing PDF files in C:\Users\saksham.dubey\Desktop\Decibio\Ideation\AI-Document-Analyzer\PDF_2
2025-03-24 15:02:37,006 - INFO - Found 0 PDF files
2025-03-24 15:02:42,096 - INFO - Starting cleanup of files
2025-03-24 15:02:42,720 - INFO - Successfully cleaned up 0 files
2025-03-24 15:02:43,747 - INFO - Attempting to download: http://www.annalsofoncology.org/article/S0923753420360580/pdf
2025-03-24 15:02:44,004 - ERROR - HTTP Error for http://www.annalsofoncology.org/article/S0923753420360580/pdf: 403 Client Error: Forbidden for url: https://www.annalsofoncology.org/article/S0923753420360580/pdf
2025-03-24 15:02:44,004 - ERROR - Access forbidden - might require authentication
2025-03-24 15:02:44,004 - INFO - Attempting to download: https://www.nature.com/articles/s41586-022-05580-6.pdf
2025-03-24 15:02:48,788 - INFO - Successfully downloaded: s41586-022-05580-6.pdf
2025-03-24 15:02:48,788 - INFO - Attempting to download: https://www.cell.com/article/S153561082200513X/pdf
2025-03-24 15:02:48,906 - ERROR - HTTP Error for https://www.cell.com/article/S153561082200513X/pdf: 403 Client Error: Forbidden for url: https://www.cell.com/article/S153561082200513X/pdf
2025-03-24 15:02:48,906 - ERROR - Access forbidden - might require authentication
2025-03-24 15:02:48,906 - INFO - Attempting to download: https://www.nature.com/articles/s41467-021-22444-1.pdf
2025-03-24 15:02:54,155 - INFO - Successfully downloaded: s41467-021-22444-1.pdf
2025-03-24 15:02:54,155 - INFO - Successfully downloaded 2 PDFs
2025-03-24 15:02:54,171 - INFO - Listing PDF files in C:\Users\saksham.dubey\Desktop\Decibio\Ideation\AI-Document-Analyzer\PDF_2
2025-03-24 15:02:54,172 - INFO - Found 2 PDF files
2025-03-24 15:02:54,172 - INFO - Starting upload of 2 PDFs
2025-03-24 15:03:16,871 - INFO - Starting cleanup of files
2025-03-24 15:03:18,117 - INFO - Successfully cleaned up 2 files
