2025-03-21 17:21:19,534 - INFO - Initialized PDFProcessor
2025-03-21 17:21:25,226 - INFO - Starting cleanup of files
2025-03-21 17:21:26,548 - INFO - Successfully cleaned up 0 files
2025-03-21 17:21:26,549 - INFO - Deleted 0 PDF files and removed empty PDF directory
2025-03-21 17:21:46,012 - WARNING - No PDFs were successfully downloaded!
2025-03-21 17:21:46,014 - INFO - Listing PDF files in C:\Users\saksham.dubey\Desktop\Decibio\Ideation\Query-PDF\PDF_2
2025-03-21 17:21:46,014 - INFO - Found 0 PDF files
2025-03-21 17:22:03,262 - INFO - Starting cleanup of files
2025-03-21 17:22:08,735 - INFO - Successfully cleaned up 0 files
2025-03-21 17:22:08,750 - INFO - Deleted 0 PDF files and removed empty PDF directory
2025-03-21 17:22:10,493 - WARNING - No PDFs were successfully downloaded!
2025-03-21 17:22:10,494 - INFO - Listing PDF files in C:\Users\saksham.dubey\Desktop\Decibio\Ideation\Query-PDF\PDF_2
2025-03-21 17:22:10,496 - INFO - Found 0 PDF files
2025-03-21 17:22:11,517 - WARNING - No PDFs were successfully downloaded!
2025-03-21 17:22:11,517 - INFO - Listing PDF files in C:\Users\saksham.dubey\Desktop\Decibio\Ideation\Query-PDF\PDF_2
2025-03-21 17:22:11,517 - INFO - Found 0 PDF files
2025-03-21 17:22:14,007 - INFO - Starting cleanup of files
2025-03-21 17:22:14,976 - INFO - Successfully cleaned up 0 files
2025-03-21 17:22:14,977 - INFO - Deleted 0 PDF files and removed empty PDF directory
2025-03-21 17:22:18,157 - WARNING - No PDFs were successfully downloaded!
2025-03-21 17:22:18,157 - INFO - Listing PDF files in C:\Users\saksham.dubey\Desktop\Decibio\Ideation\Query-PDF\PDF_2
2025-03-21 17:22:18,167 - INFO - Found 0 PDF files
2025-03-21 17:22:19,365 - INFO - Starting cleanup of files
2025-03-21 17:22:20,244 - INFO - Successfully cleaned up 0 files
2025-03-21 17:22:20,246 - INFO - Deleted 0 PDF files and removed empty PDF directory
2025-03-21 17:22:51,861 - INFO - Starting cleanup of files
2025-03-21 17:22:52,329 - INFO - Successfully cleaned up 0 files
