2025-03-21 19:16:45,605 - INFO - Initialized PDFProcessor
2025-03-21 19:16:52,294 - INFO - Starting cleanup of files
2025-03-21 19:16:53,226 - INFO - Successfully cleaned up 0 files
2025-03-21 19:16:53,241 - INFO - Deleted: C:\Users\saksham.dubey\Desktop\Decibio\Ideation\Query-PDF\PDF_2\10.46997revecuatneurol30300026.pdf
2025-03-21 19:16:53,242 - INFO - Deleted: C:\Users\saksham.dubey\Desktop\Decibio\Ideation\Query-PDF\PDF_2\2631-2581-rneuro-31-03-00016.pdf
2025-03-21 19:16:53,243 - INFO - Deleted: C:\Users\saksham.dubey\Desktop\Decibio\Ideation\Query-PDF\PDF_2\REN-Vol31_n1_06.pdf
2025-03-21 19:16:53,244 - INFO - Deleted: C:\Users\saksham.dubey\Desktop\Decibio\Ideation\Query-PDF\PDF_2\s40292-021-00481-7.pdf
2025-03-21 19:16:53,245 - INFO - Deleted: C:\Users\saksham.dubey\Desktop\Decibio\Ideation\Query-PDF\PDF_2\s41467-020-15799-4.pdf
2025-03-21 19:16:53,247 - INFO - Deleted 5 PDF files and removed empty PDF directory
2025-03-21 19:16:59,570 - INFO - Starting cleanup of files
2025-03-21 19:17:00,019 - INFO - Successfully cleaned up 0 files
2025-03-21 19:17:01,135 - INFO - Attempting to download: https://www.ahajournals.org/doi/pdf/10.1161/STROKEAHA.122.042020
2025-03-21 19:17:01,535 - ERROR - HTTP Error for https://www.ahajournals.org/doi/pdf/10.1161/STROKEAHA.122.042020: 403 Client Error: Forbidden for url: https://www.ahajournals.org/doi/pdf/10.1161/STROKEAHA.122.042020
2025-03-21 19:17:01,535 - ERROR - Access forbidden - might require authentication
2025-03-21 19:17:01,535 - INFO - Attempting to download: http://revecuatneurol.com/wp-content/uploads/2022/05/REN-Vol31_n1_06.pdf
2025-03-21 19:17:06,102 - INFO - Successfully downloaded: REN-Vol31_n1_06.pdf
2025-03-21 19:17:06,112 - INFO - Attempting to download: https://www.nature.com/articles/s41467-020-15799-4.pdf
2025-03-21 19:17:12,903 - INFO - Successfully downloaded: s41467-020-15799-4.pdf
2025-03-21 19:17:12,903 - INFO - Attempting to download: http://revecuatneurol.com/wp-content/uploads/2022/01/10.46997revecuatneurol30300026.pdf
2025-03-21 19:17:17,529 - INFO - Successfully downloaded: 10.46997revecuatneurol30300026.pdf
2025-03-21 19:17:17,530 - INFO - Attempting to download: https://link.springer.com/content/pdf/10.1007/s40292-021-00481-7.pdf
2025-03-21 19:17:23,837 - INFO - Successfully downloaded: s40292-021-00481-7.pdf
2025-03-21 19:17:23,838 - INFO - Attempting to download: http://revecuatneurol.com/wp-content/uploads/2023/02/2631-2581-rneuro-31-03-00016.pdf
2025-03-21 19:17:29,819 - INFO - Successfully downloaded: 2631-2581-rneuro-31-03-00016.pdf
2025-03-21 19:17:29,821 - INFO - Successfully downloaded 5 PDFs
2025-03-21 19:17:29,821 - INFO - Listing PDF files in C:\Users\saksham.dubey\Desktop\Decibio\Ideation\Query-PDF\PDF_2
2025-03-21 19:17:29,827 - INFO - Found 5 PDF files
2025-03-21 19:17:29,829 - INFO - Starting upload of 5 PDFs
2025-03-21 19:18:06,201 - INFO - Processing query: What is in the data?
2025-03-21 19:18:24,993 - INFO - Successfully processed query
2025-03-21 19:20:29,644 - INFO - Starting cleanup of files
2025-03-21 19:20:37,610 - INFO - Successfully cleaned up 5 files
