2025-03-21 18:16:12,957 - INFO - Initialized PDFProcessor
2025-03-21 18:16:16,013 - INFO - Starting cleanup of files
2025-03-21 18:16:17,086 - INFO - Successfully cleaned up 0 files
2025-03-21 18:16:17,086 - INFO - Deleted: C:\Users\saksham.dubey\Desktop\Decibio\Ideation\Query-PDF\PDF_2\10.46997revecuatneurol30300026.pdf
2025-03-21 18:16:17,086 - INFO - Deleted: C:\Users\saksham.dubey\Desktop\Decibio\Ideation\Query-PDF\PDF_2\2631-2581-rneuro-31-03-00016.pdf
2025-03-21 18:16:17,086 - INFO - Deleted: C:\Users\saksham.dubey\Desktop\Decibio\Ideation\Query-PDF\PDF_2\REN-Vol31_n1_06.pdf
2025-03-21 18:16:17,103 - INFO - Deleted: C:\Users\saksham.dubey\Desktop\Decibio\Ideation\Query-PDF\PDF_2\s40292-021-00481-7.pdf
2025-03-21 18:16:17,106 - INFO - Deleted: C:\Users\saksham.dubey\Desktop\Decibio\Ideation\Query-PDF\PDF_2\s41467-020-15799-4.pdf
2025-03-21 18:16:17,108 - INFO - Deleted 5 PDF files and removed empty PDF directory
2025-03-21 18:16:20,765 - INFO - Attempting to download: https://www.ahajournals.org/doi/pdf/10.1161/STROKEAHA.122.042020
2025-03-21 18:16:20,940 - ERROR - HTTP Error for https://www.ahajournals.org/doi/pdf/10.1161/STROKEAHA.122.042020: 403 Client Error: Forbidden for url: https://www.ahajournals.org/doi/pdf/10.1161/STROKEAHA.122.042020
2025-03-21 18:16:20,943 - ERROR - Access forbidden - might require authentication
2025-03-21 18:16:20,944 - INFO - Attempting to download: http://revecuatneurol.com/wp-content/uploads/2022/05/REN-Vol31_n1_06.pdf
2025-03-21 18:16:24,544 - INFO - Successfully downloaded: REN-Vol31_n1_06.pdf
2025-03-21 18:16:24,544 - INFO - Attempting to download: https://www.nature.com/articles/s41467-020-15799-4.pdf
2025-03-21 18:16:31,190 - INFO - Successfully downloaded: s41467-020-15799-4.pdf
2025-03-21 18:16:31,190 - INFO - Attempting to download: http://revecuatneurol.com/wp-content/uploads/2022/01/10.46997revecuatneurol30300026.pdf
2025-03-21 18:16:36,746 - INFO - Successfully downloaded: 10.46997revecuatneurol30300026.pdf
2025-03-21 18:16:36,747 - INFO - Attempting to download: https://link.springer.com/content/pdf/10.1007/s40292-021-00481-7.pdf
2025-03-21 18:16:41,242 - INFO - Successfully downloaded: s40292-021-00481-7.pdf
2025-03-21 18:16:41,257 - INFO - Attempting to download: http://revecuatneurol.com/wp-content/uploads/2023/02/2631-2581-rneuro-31-03-00016.pdf
2025-03-21 18:16:49,542 - INFO - Successfully downloaded: 2631-2581-rneuro-31-03-00016.pdf
2025-03-21 18:16:49,542 - INFO - Successfully downloaded 5 PDFs
2025-03-21 18:16:49,542 - INFO - Listing PDF files in C:\Users\saksham.dubey\Desktop\Decibio\Ideation\Query-PDF\PDF_2
2025-03-21 18:16:49,558 - INFO - Found 5 PDF files
2025-03-21 18:16:49,559 - INFO - Starting upload of 5 PDFs
2025-03-21 18:18:48,553 - INFO - Starting cleanup of files
2025-03-21 18:18:51,421 - INFO - Successfully cleaned up 5 files
