2025-03-21 19:20:45,359 - INFO - Initialized PDFProcessor
2025-03-21 19:20:47,816 - INFO - Starting cleanup of files
2025-03-21 19:20:49,596 - INFO - Successfully cleaned up 0 files
2025-03-21 19:20:49,597 - INFO - Deleted: C:\Users\saksham.dubey\Desktop\Decibio\Ideation\Query-PDF\PDF_2\10.46997revecuatneurol30300026.pdf
2025-03-21 19:20:49,598 - INFO - Deleted: C:\Users\saksham.dubey\Desktop\Decibio\Ideation\Query-PDF\PDF_2\2631-2581-rneuro-31-03-00016.pdf
2025-03-21 19:20:49,599 - INFO - Deleted: C:\Users\saksham.dubey\Desktop\Decibio\Ideation\Query-PDF\PDF_2\REN-Vol31_n1_06.pdf
2025-03-21 19:20:49,601 - INFO - Deleted: C:\Users\saksham.dubey\Desktop\Decibio\Ideation\Query-PDF\PDF_2\s40292-021-00481-7.pdf
2025-03-21 19:20:49,604 - INFO - Deleted: C:\Users\saksham.dubey\Desktop\Decibio\Ideation\Query-PDF\PDF_2\s41467-020-15799-4.pdf
2025-03-21 19:20:49,604 - INFO - Deleted 5 PDF files and removed empty PDF directory
2025-03-21 19:21:04,320 - INFO - Starting cleanup of files
2025-03-21 19:21:05,346 - INFO - Successfully cleaned up 0 files
2025-03-21 19:21:06,169 - WARNING - No PDFs were successfully downloaded!
2025-03-21 19:21:06,170 - INFO - Listing PDF files in C:\Users\saksham.dubey\Desktop\Decibio\Ideation\Query-PDF\PDF_2
2025-03-21 19:21:06,170 - INFO - Found 0 PDF files
2025-03-21 19:21:13,615 - INFO - Starting cleanup of files
2025-03-21 19:21:14,601 - INFO - Successfully cleaned up 0 files
2025-03-21 19:21:15,555 - WARNING - No PDFs were successfully downloaded!
2025-03-21 19:21:15,555 - INFO - Listing PDF files in C:\Users\saksham.dubey\Desktop\Decibio\Ideation\Query-PDF\PDF_2
2025-03-21 19:21:15,555 - INFO - Found 0 PDF files
2025-03-21 19:21:18,149 - INFO - Starting cleanup of files
2025-03-21 19:21:19,009 - INFO - Successfully cleaned up 0 files
2025-03-21 19:21:19,930 - WARNING - No PDFs were successfully downloaded!
2025-03-21 19:21:19,930 - INFO - Listing PDF files in C:\Users\saksham.dubey\Desktop\Decibio\Ideation\Query-PDF\PDF_2
2025-03-21 19:21:19,930 - INFO - Found 0 PDF files
2025-03-21 19:21:23,099 - INFO - Starting cleanup of files
2025-03-21 19:21:23,477 - INFO - Successfully cleaned up 0 files
2025-03-21 19:21:24,769 - INFO - Attempting to download: http://www.annalsofoncology.org/article/S0923753420360580/pdf
2025-03-21 19:21:25,013 - ERROR - HTTP Error for http://www.annalsofoncology.org/article/S0923753420360580/pdf: 403 Client Error: Forbidden for url: https://www.annalsofoncology.org/article/S0923753420360580/pdf
2025-03-21 19:21:25,013 - ERROR - Access forbidden - might require authentication
2025-03-21 19:21:25,013 - INFO - Attempting to download: https://www.nature.com/articles/s41586-022-05580-6.pdf
2025-03-21 19:21:33,347 - INFO - Successfully downloaded: s41586-022-05580-6.pdf
2025-03-21 19:21:33,347 - INFO - Attempting to download: https://www.cell.com/article/S153561082200513X/pdf
2025-03-21 19:21:33,515 - ERROR - HTTP Error for https://www.cell.com/article/S153561082200513X/pdf: 403 Client Error: Forbidden for url: https://www.cell.com/article/S153561082200513X/pdf
2025-03-21 19:21:33,517 - ERROR - Access forbidden - might require authentication
2025-03-21 19:21:33,520 - INFO - Attempting to download: https://www.nature.com/articles/s41467-021-22444-1.pdf
2025-03-21 19:21:39,114 - INFO - Successfully downloaded: s41467-021-22444-1.pdf
2025-03-21 19:21:39,114 - INFO - Successfully downloaded 2 PDFs
2025-03-21 19:21:39,114 - INFO - Listing PDF files in C:\Users\saksham.dubey\Desktop\Decibio\Ideation\Query-PDF\PDF_2
2025-03-21 19:21:39,114 - INFO - Found 2 PDF files
2025-03-21 19:21:39,114 - INFO - Starting upload of 2 PDFs
2025-03-21 19:22:05,901 - INFO - Processing query: WHat are in the documents?
2025-03-21 19:22:55,476 - INFO - Successfully processed query
2025-03-21 19:23:14,926 - INFO - Starting cleanup of files
2025-03-21 19:23:18,965 - INFO - Successfully cleaned up 2 files
